2020-04-26 20:17:03,870 INFO -0.07497899696567817
2020-04-26 20:17:03,874 DEBUG 000300: -0.40609705194658424
2020-04-26 20:17:03,876 DEBUG 000010: -0.43017353747589654
2020-04-26 20:17:03,879 DEBUG 000016: -0.46772106181140155
2020-04-26 20:17:03,882 DEBUG 000009: 0.027001699203790183
2020-04-26 20:17:03,884 DEBUG 000132: -0.3788997259752208
2020-04-26 20:17:03,887 DEBUG 000133: -0.009941179649326127
2020-04-26 20:17:03,890 DEBUG 000003: 0.21855883737893628
2020-04-26 20:17:03,892 DEBUG 000012: -0.2647863128098325
2020-04-26 20:17:03,895 DEBUG 399001: -0.4686694145450315
2020-04-26 20:17:03,900 DEBUG 399005: nan
2020-04-26 20:17:03,904 DEBUG 399006: -0.07497899696567813
2020-04-26 20:17:03,907 DEBUG 000912: 0.15541430762500433
2020-04-26 20:17:03,909 DEBUG 000911: -0.47004299280949136
2020-04-26 20:17:03,913 DEBUG 000923: 0.04070469493259013
2020-04-26 20:17:03,916 DEBUG 000932: -0.3278544784503352
2020-04-26 20:17:03,923 DEBUG 000038: 0.05224155774798132
2020-04-26 20:17:03,926 DEBUG 000063: -0.002851671926048435
2020-04-26 20:17:03,931 DEBUG 000061: -0.5367115686762995
2020-04-26 20:17:03,934 DEBUG 000951: 0.13705408835327226
2020-04-26 20:17:03,938 DEBUG 000919: 0.12778148633005662
2020-04-26 20:17:03,941 DEBUG 000903: -0.07623249277315802
2020-04-26 20:17:03,944 DEBUG 000925: -0.03532095787635476
2020-04-26 20:17:03,947 DEBUG 000918: 0.03532443681268907
2020-04-26 20:17:03,949 DEBUG 000959: -0.38510916839844067
2020-04-26 20:17:03,953 DEBUG 000058: -0.128128990037329
2020-04-26 20:17:03,956 DEBUG 000968: -0.38707835103736604
2020-04-26 20:17:03,958 DEBUG 000021: 0.021448880140580245
2020-04-26 20:17:03,962 DEBUG 000048: -0.42505006200587836
2020-04-26 20:17:03,965 DEBUG 000029: -0.034938228323654875
2020-04-26 20:17:03,967 DEBUG 000980: 0.034686129433971834
2020-04-26 20:17:03,971 DEBUG 399997: 0.01827888875940937
2020-04-26 20:17:03,974 DEBUG 399809: 0.22517718298468445
2020-04-26 20:17:03,977 DEBUG 399617: -0.4466716475431213
2020-04-26 20:17:03,980 DEBUG 399324: -0.1242475731118532
2020-04-26 20:17:03,982 DEBUG 399328: -0.021444732395343603
2020-04-26 20:17:03,986 DEBUG 399684: -0.5027183407509704
2020-04-26 20:17:03,989 DEBUG 399322: -0.4908254123229016
2020-04-26 20:17:03,991 DEBUG 399321: -0.4345375837372225
2020-04-26 20:17:03,995 DEBUG 399373: 0.04670956815872704
2020-04-26 20:17:03,997 DEBUG 399683: -0.13591582627608095
2020-04-26 20:17:04,001 DEBUG 399644: -0.42938980888840195
2020-04-26 20:17:04,004 DEBUG 399646: -0.10974347930313384
2020-04-26 20:17:04,006 DEBUG 399365: -0.413385740354289
2020-04-26 20:17:04,010 DEBUG 399310: -0.2870412510017008
2020-04-26 20:17:04,013 DEBUG 399396: 0.1731939534581109
2020-04-26 20:17:04,016 DEBUG 399391: 0.0685213198000108
2020-04-26 20:17:04,019 DEBUG 399385: -0.5257483896139975
2020-04-26 20:17:04,021 DEBUG 399241: -0.5087869780906407
2020-04-26 20:17:04,025 DEBUG 399932: 0.014934023826074803
2020-04-26 20:17:04,028 DEBUG 399481: 0.060468658903597844
2020-04-26 20:17:04,032 DEBUG 399298: 0.24765069636546747
2020-04-26 20:17:04,035 DEBUG 399301: -0.03812011254570961
2020-04-26 20:17:04,038 DEBUG 399302: -0.48316256108545264
2020-04-26 20:17:04,041 DEBUG 399299: -0.44809827931328045
2020-04-26 20:17:04,043 DEBUG 399431: -0.21839860445067502
2020-04-26 20:17:04,046 DEBUG 399669: 0.05065876829140355
2020-04-26 20:17:04,049 DEBUG 399903: 0.10378253460153507
2020-04-26 20:17:04,051 DEBUG 399348: -0.23720458782270004
2020-04-26 20:17:04,054 DEBUG 399914: -0.019579763235500973
2020-04-26 20:17:04,057 DEBUG 399356: 0.02764597521281388
2020-04-26 20:17:04,059 DEBUG 399653: -0.149759336066833
2020-04-26 20:17:04,062 DEBUG 399918: 0.08994632189997011
2020-04-26 20:17:04,062 DEBUG       000001    000300    000010    000016    000009    000132    000133  \
0   1.435027 -1.732556  0.158871 -2.009882  1.022747 -2.168692  1.363732   
1   1.097531 -1.642637 -0.304805 -1.928358  0.713052 -1.847749  1.009707   
2  -1.225323 -1.301490 -2.585776 -1.426392 -1.081554 -1.104324 -1.097946   
3  -1.278513 -1.152831 -2.307539 -1.351280 -0.787932 -1.011307 -0.843744   
4  -0.603939 -1.058846 -1.696846 -1.335708 -0.217626 -1.070241 -0.335741   
5  -0.322787 -0.986550 -1.224728 -1.272505  0.015334 -1.100064 -0.098391   
6  -0.185615 -0.961698 -0.966768 -1.223957  0.069259 -1.084443 -0.020689   
7  -0.059103 -0.828854 -0.650575 -1.096633  0.119578 -0.953793  0.044243   
8   0.179690 -0.825691 -0.288227 -1.018774  0.494307 -0.897699  0.328619   
9   0.284201 -0.772825 -0.177115 -0.952822  0.667245 -0.816043  0.430617   
10  0.362024 -0.727640 -0.146541 -0.916182  0.734898 -0.730126  0.510605   
11  0.316507 -0.679292 -0.206276 -0.882290  0.669713 -0.710245  0.494174   
12  0.685356 -0.656247  0.120497 -0.776950  0.870565 -0.600187  0.862701   
13  0.877375 -0.857321  0.119836 -0.711915  0.886190 -0.505750  0.949765   
14  0.961451 -1.051617  0.400454 -0.653291  0.874722 -0.464567  0.972677   
15  1.094966 -1.086409  0.755739 -0.580927  1.127759 -0.397112  1.159089   
16  1.450838 -1.097254  0.819202 -0.536959  1.336681 -0.353089  1.458719   
17  1.318316 -1.002365  0.506084 -0.475587  1.132247 -0.446816  1.168902   
18  0.919087 -0.980224  0.285119 -0.491159  0.793075 -0.661961  0.784069   
19  1.112507 -0.794966  0.423055 -0.469175  0.801731 -0.695334  0.909223   
20  1.050581 -0.545544  0.576436 -0.389484  0.858562 -0.595927  0.970260   
21  0.317203 -0.464211 -0.069674 -0.311624  0.330808 -0.470247  0.328115   
22  0.564918 -0.428967  0.079096 -0.209948  0.600879 -0.350248  0.616318   
23  1.111362 -0.364352  0.648563 -0.111937  1.041284 -0.337468  1.092003   
24  1.034531 -0.281212  0.786957 -0.062473  0.986733 -0.298415  1.063907   
25  1.532341 -0.212982  1.682065  0.021799  1.471765 -0.312616  1.524224   
26  1.463717 -0.110864  1.940977  0.088667  1.456628 -0.283504  1.419406   
27  0.780995  0.314553  1.158211  0.240814  0.694472 -0.181682  0.642159   
28  0.669487  0.545404  1.024954  0.323162  0.699590  0.035097  0.655894   
29  0.999426  0.676983  1.494662  0.417784  0.937507  0.151616  0.841472   
30  0.425365  0.839378  0.716594  0.453417  0.321958  0.198480  0.313165   
31 -0.202989  0.778062 -0.026953  0.509659 -0.337063  0.302148 -0.305386   
32 -0.329522  0.751809 -0.334032  0.612525 -0.617109  0.368963 -0.499792   
33 -0.960952  0.712679 -1.083624  0.641562 -1.288364  0.388774 -1.067171   
34 -0.947530  0.678971 -0.733033  0.694965 -1.210654  0.502595 -1.085155   
35 -1.672945  0.775080 -1.591529  0.728124 -2.027240  0.512678 -1.878994   
36 -1.355071  0.813125 -1.141802  0.791694 -1.688226  0.605411 -1.592040   
37 -1.779829  0.961287 -1.582348  0.916178 -2.052972  0.738688 -1.953655   
38 -1.641883  1.086992 -1.078225  0.968298 -1.823725  0.794498 -1.689958   
39 -0.941597  1.138413 -0.378530  1.012449 -1.049068  1.017525 -1.028613   
40 -0.961833  1.180164 -0.287381  1.117423 -1.036044  1.269594 -1.036656   
41 -0.802942  1.217667  0.000080  1.174123 -0.855110  1.393285 -0.840255   
42 -1.230358  1.254267 -0.294633  1.278730 -1.325567  1.580384 -1.177236   
43 -1.086028  1.261316  0.426908  1.328010 -1.065425  1.618513 -1.023439   
44 -1.130230  1.362485  0.598320  1.424923 -0.955140  1.682063 -1.044803   
45 -1.147755  1.434827  0.497283  1.480432 -0.971168  1.737873 -1.104850   
46 -0.994499  1.534776  0.869590  1.523942 -0.717304  1.764926 -0.972238   
47 -0.588176  1.591167  1.532477  1.700363 -0.295374  1.870156 -0.584650   
48 -0.595386  1.696041  1.534933  1.747170 -0.326626  1.916380 -0.632362   

      000003    000012    399001  399005    399006    000912    000911  \
0   1.709725  0.691811 -2.048592    -1.0  1.435027  2.652630 -2.032788   
1   1.749096 -0.070467 -1.952114    -1.0  1.097531  2.495232 -1.941809   
2   0.147979 -1.485587 -1.435150    -1.0 -1.225323  0.118530 -1.428685   
3  -0.764133 -1.719554 -1.368419    -1.0 -1.278513 -0.778636 -1.366818   
4  -0.449159 -1.149732 -1.353143    -1.0 -0.603939 -0.306443 -1.349532   
5  -0.062004 -1.145958 -1.271941    -1.0 -0.322787 -0.322183 -1.284027   
6   0.161103 -1.289357 -1.221289    -1.0 -0.185615 -0.400882 -1.234898   
7   0.357961 -0.957276 -1.099887    -1.0 -0.059103 -0.274964 -1.107527   
8   0.843546 -0.232734 -1.021097    -1.0  0.179690  0.653681 -1.033833   
9   0.941976 -0.259150 -0.953562    -1.0  0.284201  0.732380 -0.965599   
10  1.191330  0.171047 -0.915774    -1.0  0.362024  1.125874 -0.926478   
11  1.001033  0.212557 -0.879595    -1.0  0.316507  0.921257 -0.891905   
12  0.876356  0.337087 -0.772665    -1.0  0.685356  0.999956 -0.772722   
13  1.119148  0.318219 -0.704326    -1.0  0.877375  1.094394 -0.710856   
14  1.197892  0.212557 -0.642419    -1.0  0.961451  0.889778 -0.652629   
15  0.981347  0.137084 -0.553980    -1.0  1.094966  1.031435 -0.573477   
16  1.329131  0.291803 -0.497701    -1.0  1.450838  1.110134 -0.518890   
17  1.263511  0.061611 -0.441422    -1.0  1.318316  0.889778 -0.450655   
18  0.456391 -0.436512 -0.478405    -1.0  0.919087 -0.023128 -0.457933   
19  0.712307 -0.142167 -0.467149    -1.0  1.112507  0.087050 -0.435188   
20  0.672935  0.250293 -0.403634    -1.0  1.050581  0.039831 -0.362405   
21  0.029864 -0.187450 -0.332884    -1.0  0.317203 -1.124910 -0.284162   
22 -0.180119  0.110668 -0.194598    -1.0  0.564918 -1.030472 -0.179536   
23  0.285780  0.725774 -0.103747    -1.0  1.111362 -0.495320 -0.084917   
24  0.830422  0.488033 -0.019329    -1.0  1.034531 -0.574019 -0.041247   
25  1.165082  1.031439  0.053834    -1.0  1.532341  0.181489  0.036995   
26  0.941976  0.684263  0.109309    -1.0  1.463717  0.763860  0.097042   
27  0.476077  0.359729  0.242852    -1.0  0.780995  0.417585  0.236331   
28 -0.107937  0.212557  0.353561    -1.0  0.669487  0.008352  0.340412   
29  0.246408  0.276709  0.423588    -1.0  0.999426  0.449065  0.406918   
30 -0.291672 -0.364812  0.443688    -1.0  0.425365 -0.243484  0.436122   
31 -0.849439 -0.953502  0.508730    -1.0 -0.202989 -1.298048  0.493439   
32 -0.895372 -0.911992  0.612686    -1.0 -0.329522 -1.172130  0.606527   
33 -1.505634 -1.700685  0.630293    -1.0 -0.960952 -1.691541  0.640553   
34 -1.545006 -1.289357  0.680784    -1.0 -0.947530 -1.061951  0.694868   
35 -1.879666 -1.632760  0.718973    -1.0 -1.672945 -1.880418  0.719614   
36 -1.426891 -1.259168  0.772679    -1.0 -1.355071 -1.707281  0.769653   
37 -0.744447 -1.032749  0.892795    -1.0 -1.779829 -2.053556  0.896752   
38 -0.711638 -0.576137  0.936612    -1.0 -1.641883 -1.675802  0.955888   
39 -0.672266  0.363503  0.996107    -1.0 -0.941597 -0.322183  1.001287   
40 -0.987240  0.208783  1.099500    -1.0 -0.961833  0.512024  1.106186   
41 -1.210346  0.514449  1.155699    -1.0 -0.802942  0.716640  1.168416   
42 -1.669683  0.627659  1.287231    -1.0 -1.230358  0.307407  1.286690   
43 -1.669683  0.491807  1.336757    -1.0 -1.086028  0.181489  1.331543   
44 -1.262842  1.529562  1.428813    -1.0 -1.130230  0.150009  1.425706   
45 -1.420329  1.382389  1.479786    -1.0 -1.147755 -0.070347  1.483023   
46 -0.757571  1.846549  1.538638    -1.0 -0.994499 -0.023128  1.528058   
47  0.430143  2.454107  1.691878    -1.0 -0.588176 -0.038868  1.690366   
48 -0.055442  2.805056  1.738027    -1.0 -0.595386  0.039831  1.736128   

      000923    000932    000038    000063    000061    000951    000919  \
0   2.324644  0.835397  1.505955  1.178374 -0.276360  1.701505  3.160173   
1   1.952382  0.545310  1.143275  0.801095 -0.732551  1.371088  2.976049   
2  -0.596117 -1.259673 -0.862619 -0.985628 -2.566742 -0.402061  0.913857   
3  -0.973169 -2.065469 -0.484667 -0.892369 -2.582657 -0.095951 -0.375012   
4  -0.045963 -1.453064 -0.082112 -0.278647 -1.977474  0.227208 -0.430249   
5   0.064298 -1.356368  0.173231 -0.108147 -1.627276  0.348507 -0.614374   
6   0.090786 -1.098514  0.155118 -0.180737 -1.422592  0.262276 -0.190888   
7   0.223080 -0.905123  0.159819 -0.071971 -1.004102  0.285883 -0.043589   
8   0.398960 -0.518341  0.476390  0.384945 -0.648096  0.610821  0.490372   
9   0.486278 -0.486109  0.559439  0.489501 -0.575396  0.628679  0.361485   
10  0.437039 -0.421645  0.607392  0.584392 -0.579540  0.696614  0.287835   
11  0.385501 -0.647268  0.577009  0.570932 -0.467336  0.677065  0.140536   
12  0.620057 -0.228254  0.908453  0.802793 -0.167745  0.916491  0.490372   
13  0.829897  0.513078  0.953144  0.786290 -0.223915  0.931926  0.711321   
14  0.835118  0.480846  0.942700  0.862944  0.112111  0.904351  0.766558   
15  0.998449  0.416383  1.134339  1.131956  0.392084  1.018988  0.656083   
16  1.282005  0.867628  1.340359  1.232691  0.442454  1.115277  0.656083   
17  1.233340  0.964324  1.021345  1.056567  0.374695  0.894210  0.379897   
18  0.903564  1.480033  0.623602  0.804963  0.317899  0.551895 -0.301363   
19  0.964442  2.898234  0.712983  0.906067  0.532082  0.620286 -0.025176   
20  0.927513  1.931279  0.832310  0.937226  0.610424  0.772455 -0.154063   
21  0.253686  0.674237  0.272894  0.426823  0.115159  0.404913 -0.908972   
22  0.367970  0.609774  0.534085  0.636097  0.223263  0.628918 -0.614374   
23  0.791531  1.222179  0.952761  0.991257  0.667414  0.952741 -0.467074   
24  0.738891  0.803165  0.993655  0.977450  0.772148  0.938992  0.195773   
25  1.060142  1.286642  1.464378  1.548670  1.633906  1.289308  0.637671   
26  1.070296  1.318874  1.388417  1.598851  1.995527  1.194113  1.024332   
27  0.763793  0.835397  0.586716  0.912935  1.599337  0.547659  1.631942   
28  0.461956  0.255224  0.650018  0.854413  1.233138  0.578661  1.079569   
29  0.622811  0.996556  0.769643  1.028596  1.628183  0.650861  1.558292   
30  0.338125  0.577542  0.252519  0.469654  0.843685  0.245175  0.711321   
31 -0.235250  0.126296 -0.395413 -0.163374  0.263475 -0.348199 -0.080413   
32 -0.327535 -0.163790 -0.615344 -0.356607  0.106428 -0.523731  0.122123   
33 -0.865054 -0.840659 -1.150861 -0.991699 -0.523118 -0.920380 -0.319775   
34 -0.746789 -0.937354 -1.210651 -1.026973 -0.112493 -1.046983 -0.246125   
35 -1.198648 -1.485296 -2.070855 -1.873443 -0.833824 -1.830482 -0.559136   
36 -0.897562 -1.098514 -1.777212 -1.588963 -0.605566 -1.649868 -0.559136   
37 -1.298213 -1.420832 -2.127110 -2.025082 -1.043843 -2.018333 -1.001035   
38 -1.375146 -1.227441 -1.700850 -1.805401 -0.661623 -1.715123 -1.295633   
39 -1.001553 -0.260486 -1.030995 -1.121700 -0.094455 -1.137411 -0.724848   
40 -1.112187 -0.034863 -1.041308 -1.064283  0.013436 -1.105547 -0.761673   
41 -1.096041 -0.099327 -0.849393 -0.927324  0.120828 -0.954504 -0.706436   
42 -1.406668 -0.615036 -1.163316 -1.362626 -0.148739 -1.211294 -1.277221   
43 -1.451002 -0.131559 -0.996922 -1.084857  0.449537 -1.144451 -1.424520   
44 -1.490906  0.480846 -0.987687 -0.996836  0.636908 -1.175824 -1.424520   
45 -1.556071 -0.131559 -1.058655 -1.088621  0.459181 -1.316679 -1.442933   
46 -1.433424 -0.615036 -0.918573 -0.872139  0.770303 -1.262931 -1.240396   
47 -1.185777 -0.453877 -0.549984 -0.529971  1.250159 -0.995604 -0.964210   
48 -1.133483 -0.163790 -0.617424 -0.578084  1.311681 -1.111510 -0.798498   

      000903    000925    000918    000959    000058    000968    000021  \
0   0.295945  2.147454  0.291547 -1.905235 -0.461810  0.293833  3.230353   
1   0.174052  1.845553 -0.507038 -1.533556 -0.586725 -0.159681  2.609483   
2  -1.338195 -0.355813 -1.671641 -2.695053 -1.776226 -2.406229 -0.632837   
3  -1.295804 -1.563419 -0.928513 -2.416294 -1.487634 -2.166511 -0.736315   
4  -0.514008 -1.211200  0.136266 -1.161877 -0.716293 -1.579147 -0.322402   
5  -0.365756 -1.097987  1.500515 -0.864533 -0.457366 -1.144068 -0.460373   
6  -0.207249 -0.997353  2.609661 -0.288431 -0.186289 -0.899754 -0.529358   
7  -0.085926 -0.770927  1.056857 -0.000379  0.006645 -0.655353 -0.115445   
8   0.117887 -0.343233  0.003169 -0.381350  0.052778 -0.247078  1.402236   
9   0.261047  0.486996  0.025352 -0.390642  0.238782 -0.103352  0.470932   
10  0.380083  0.814056  0.313730 -0.167635  0.382378 -0.001100  0.643396   
11  0.445007  0.273149  0.424644 -0.065423  0.411347 -0.128081  0.436439   
12  0.718207  0.612788  0.568833  0.287672  0.736061  0.155155  0.746874   
13  0.845062  0.939848  1.644704  0.585015  1.012424  0.132797  0.919338   
14  0.978591  0.952427  1.777802  0.436344  1.028539  0.362819  0.781367   
15  1.106347  0.801477  1.655796  0.194752  1.112311  0.778017  0.781367   
16  1.474863  1.543651  1.467241  0.622183  1.531847  0.869538  0.988323   
17  1.618902  1.518493  1.467241  0.566431  1.725027  0.527423  0.505425   
18  1.566642  1.065641  1.323052 -0.121175  1.644434  0.237320 -0.356894   
19  1.515757  0.952427  0.979217  0.501388  1.530317  0.357449 -0.115445   
20  1.321436  0.763739  0.701931  0.557140  1.377572  0.512649  0.263975   
21  0.776074 -0.267758  0.224998 -0.539314  0.694566 -0.148803 -0.598344   
22  0.887832 -0.255179  0.247181 -0.316307  0.739200  0.035772  0.091511   
23  1.382326  0.411521  0.402461  0.204044  1.348358  0.672509  1.057309   
24  1.032600  0.788897  0.080809  0.027497  1.002891  0.837671  0.850352   
25  1.297735  1.153695  0.258272  0.603599  1.360448  1.711139  1.816149   
26  1.295342  1.053061  0.335913  0.817315  1.368605  2.005009  1.367744   
27  0.714026  0.788897  0.413553  1.337666  0.815895  1.095683  0.263975   
28  0.559308  0.185094  0.114084  1.783681  0.609992  1.066956  0.091511   
29  0.821952  1.002744  0.180632  2.350492  0.845662  1.531094  0.367454   
30  0.216692  0.159936 -0.229752  2.006688  0.208331  0.791361  0.057019   
31 -0.233146 -0.745769 -1.050519  1.542089 -0.221199  0.017091 -0.218923   
32 -0.436126 -0.380971 -0.706684  0.900943 -0.435272 -0.289760 -0.287909   
33 -1.069867 -0.947036 -1.261257 -0.158343 -0.972974 -1.101002 -0.736315   
34 -0.803108 -0.884140 -1.128159 -0.223387 -0.716035 -0.864311 -0.391387   
35 -1.260607 -1.211200 -1.460903 -0.762322 -1.194919 -1.823115 -0.839793   
36 -1.009058 -0.959616 -0.673410 -0.502146 -0.954809 -1.285734 -0.667329   
37 -1.551594 -1.211200 -0.540312 -1.041081 -1.364059 -1.730244 -1.115735   
38 -1.657379 -1.186042 -0.884147 -1.180461 -1.386992 -1.178351 -1.115735   
39 -0.996258 -0.796086 -0.606861 -0.585774 -0.765528 -0.422419 -0.805300   
40 -0.979713 -0.858982 -0.529221 -0.762322 -0.736371 -0.338738 -1.115735   
41 -0.993429 -0.934457 -0.518129 -0.111883 -0.746214 -0.068147 -0.874286   
42 -1.522605 -1.286676 -0.906330 -0.074715 -1.339188 -0.391604 -1.150228   
43 -1.265011 -1.248938 -0.950696  0.399176 -1.186525  0.323408 -1.046750   
44 -1.156428 -1.311834 -1.205800  0.213336 -1.133811  0.519309 -1.184721   
45 -1.083835 -1.148304 -1.361080  0.064665 -1.087081  0.492478 -1.253706   
46 -0.901694 -0.104228 -1.283440  0.566431 -0.878087  0.836523 -1.253706   
47 -0.546822  1.103378 -0.972879  0.742979 -0.528050  1.499560 -0.977764   
48 -0.530102  0.713422 -0.828690  0.938111 -0.464953  1.470016 -0.839793   

      000048    000029    000980    399997    399809    399617    399324  \
0  -0.934541  1.094372  3.116206  1.296155  1.868700  0.606168  0.335927   
1  -0.992615  0.786814  2.449704  0.937929  1.635322  0.068099  0.115583   
2  -1.606266 -1.150400 -0.042433 -0.809271  0.121026 -1.835221 -1.487087   
3  -1.342996 -0.966546 -1.194321 -0.819457  0.343230 -2.449583 -1.459553   
4  -1.175549 -0.391981 -0.788625 -0.241156  0.587552 -1.947653 -0.707252   
5  -1.152319 -0.187617 -0.716179 -0.120851  0.632111 -1.662557 -0.498752   
6  -1.145544 -0.111323 -0.564043 -0.112566  0.528128 -1.678618 -0.316097   
7  -0.968417 -0.024414  0.189394 -0.006260  0.498034 -1.285105 -0.143707   
8  -0.828071  0.264735  0.573357  0.373036  0.686684 -0.269198  0.049285   
9  -0.907440  0.371714  0.413976  0.449135  0.655184 -0.465955  0.173270   
10 -0.911311  0.439401  0.399487  0.530449  0.651592 -0.626573  0.288258   
11 -0.950995  0.455624  0.457444  0.519946  0.643396 -0.530202  0.313338   
12 -0.577384  0.790061  0.529890  0.781798  0.894324 -0.136689  0.621743   
13 -0.330569  0.864583  0.739982  0.833491  0.934300  0.031960  0.812886   
14  0.031427  0.930203  0.797939  0.920851  0.987691  0.505782  0.950175   
15 -0.022775  1.140267  0.848651  1.085456  1.120829  0.674430  1.073349   
16  0.178549  1.443752  0.979054  1.300244  1.331079  0.855125  1.444713   
17  0.798975  1.255443  0.725493  1.177186  1.012082  2.196282  1.556593   
18  1.463925  0.984145 -0.303238  0.932811  0.716510  2.079835  1.443207   
19  1.488123  1.111555  0.269085  1.068555  0.773177  2.128020  1.446903   
20  1.235500  1.067686  0.413976  1.039597  0.776155  1.220530  1.333602   
21  1.001267  0.465603 -0.462618  0.473910  0.361635 -0.196921  0.690653   
22  1.591688  0.746809 -0.411906  0.748638  0.438991 -0.172828  0.862695   
23  1.949813  1.171156  0.819673  1.072691  0.620977  0.413427  1.355807   
24  1.260665  1.062245  0.703760  1.039999  0.573289  0.112268  1.079149   
25  1.547165  1.521601  1.276082  1.465860  0.908631  0.855125  1.477145   
26  1.187104  1.449521  1.152924  1.392836  0.862317  1.429333  1.453279   
27  1.358423  0.738071  1.080478  0.807659  0.275140  0.654353  0.860796   
28  1.375846  0.709298  0.812428  0.738209  0.234037  0.116284  0.709207   
29  1.900450  0.907226  1.167413  0.901292  0.290365  0.417442  0.970097   
30  1.259697  0.340354  0.486422  0.377586 -0.087958 -0.092519  0.373119   
31  1.147420 -0.241415 -0.122123 -0.157806 -0.519196 -0.566341 -0.098600   
32  0.518283 -0.466983  0.305307 -0.339874 -0.674834 -0.108581 -0.304189   
33 -0.223131 -1.059208 -0.375683 -0.870074 -0.979664 -0.678773 -0.918624   
34 -0.765158 -1.039870 -0.477108 -0.917530 -1.093871 -0.461940 -0.775432   
35 -0.822264 -1.758358 -1.071163 -1.550589 -1.625746 -0.759082 -1.339402   
36 -0.634491 -1.478850 -0.839337 -1.323067 -1.606585 -0.437847 -1.079432   
37 -0.684822 -1.872813 -1.237789 -1.759067 -1.875477 -0.674758 -1.529351   
38 -0.613197 -1.697704 -1.100142 -1.658734 -1.561935 -0.935762 -1.536249   
39 -0.038262 -1.022190 -0.868315 -1.084925 -1.050894 -0.486032 -0.892625   
40 -0.183447 -1.025293 -1.034941 -1.081867 -1.040542 -0.108581 -0.870312   
41 -0.141828 -0.884420 -0.976984 -0.980120 -1.022424 -0.124643 -0.852250   
42 -0.468011 -1.271063 -1.049430 -1.386856 -1.296011 -0.221013 -1.376161   
43 -0.249265 -1.094781 -0.984228 -1.311856 -1.187956  0.710569 -1.214647   
44 -0.409937 -1.065959 -1.259523 -1.243535 -1.233668  0.722616 -1.148029   
45 -0.450589 -1.109714 -1.542061 -1.317128 -1.336547  0.634276 -1.130971   
46 -0.606421 -0.969437 -1.317479 -1.233111 -1.335026  0.959527 -0.961723   
47 -0.569641 -0.589566 -1.020451 -0.945272 -1.155935  0.939449 -0.588424   
48 -0.587063 -0.632335 -0.948006 -0.994347 -1.278225  0.582075 -0.561909   

      399328    399684    399322    399321    399373    399683    399644  \
0   2.034451 -1.155540 -0.596087  0.265299  1.461913  1.699402  0.051995   
1   1.638117 -1.269927 -0.656228 -0.204974  1.071392  1.498568 -0.228953   
2  -0.652297 -2.185021 -1.508219 -2.501347 -0.913383 -1.036958 -2.042756   
3  -0.896017 -2.627317 -1.678617 -2.332578 -0.647596 -2.166648 -2.541289   
4  -0.649321 -2.291783 -1.558336 -1.704506 -0.216622 -1.288000 -1.731680   
5  -0.460907 -1.811358 -1.668594 -1.276469  0.081614 -1.112271 -1.224337   
6  -0.273980 -0.995399 -1.909156 -1.026414  0.058380 -0.785916 -1.018466   
7  -0.178495 -0.903889 -1.548313 -0.712590  0.096672 -0.308936 -0.736340   
8   0.285040 -0.476845 -1.087235 -0.328117  0.543685 -0.108102 -0.679149   
9   0.431965 -0.743748 -1.157399 -0.215839  0.628818 -0.258727 -0.664134   
10  0.557734 -0.591232 -0.816602 -0.172195  0.778135  0.494399 -0.533206   
11  0.321740 -0.492097 -1.017071 -0.249563  0.679840  0.168045 -0.620130   
12  0.366886 -0.095556 -0.325455  0.034253  0.858871  0.745442 -0.207030   
13  0.364775 -0.187065  0.125600  0.038795  0.853645  0.820754  0.312024   
14  0.517318 -0.392961  0.135623  0.317065  0.848466  0.720337  0.525011   
15  1.050737 -0.591232  0.155670  0.717231  1.086879  0.645025  0.479840   
16  1.332750 -0.545477  0.436326  0.805149  1.193293  0.770546  0.951456   
17  1.010697 -0.453968  0.055436  0.505124  0.910193  0.870963  1.363969   
18  0.625159 -0.522600 -0.114963  0.273834  0.467922  0.193149  1.169017   
19  0.665170 -0.194691 -0.084892  0.417283  0.520032  0.695233  1.337167   
20  0.772020  0.262856 -0.325455  0.573868  0.693991  0.645025  1.146968   
21  0.133217  0.842416 -0.806579 -0.077684  0.174840 -0.334040  0.396821   
22  0.162045  0.804287 -0.425689  0.082086  0.349715 -0.334040  0.605461   
23  0.658052  1.467731  0.135623  0.644513  0.782539 -0.007685  1.213112   
24  0.607955  1.589743  0.546584  0.800652  0.861876 -0.108102  1.237795   
25  1.432107  1.818517  0.867333  1.719190  1.452612  0.544608  1.707554   
26  1.695334  1.254209  1.859653  1.999703  1.523636  0.896067  1.807437   
27  0.719345  0.903422  2.410941  1.172420  0.721790  2.025757  1.523358   
28  0.802446  0.461127  2.010004  1.024233  0.749526  1.925340  1.059167   
29  1.248871  0.773784  1.448692  1.513240  0.988761  1.950444  1.553923   
30  0.610362  0.186598  0.997638  0.731555  0.448835  1.021588  0.956282   
31 -0.067974 -0.240446  0.095529 -0.004754 -0.299394 -0.384248  0.282361   
32 -0.344418 -0.118433  0.326068 -0.265080 -0.550824 -0.158310  0.273604   
33 -1.063450 -0.293826 -0.135009 -1.029743 -1.239346 -0.911437 -0.523955   
34 -1.211583 -0.194691  0.175717 -0.726629 -1.392231 -0.861228 -0.273891   
35 -2.299892 -0.232820 -0.245267 -1.609351 -2.430610 -1.564146 -0.755284   
36 -1.883151 -0.026924 -0.205173 -1.137548 -1.944412 -1.363313 -0.447958   
37 -2.277386  0.026457 -0.385595 -1.577402 -2.278752 -1.488834 -0.860719   
38 -1.814724  0.316237 -0.636181 -1.083041 -1.795132 -1.513938 -1.014460   
39 -1.088902  0.720403 -0.285361 -0.376442 -0.957056 -1.087166 -0.379552   
40 -0.966216  0.804287  0.386209 -0.263197 -0.904484 -0.936541 -0.351070   
41 -0.573046  0.850042  0.486443  0.072024 -0.678563 -0.836124 -0.367225   
42 -0.932602  0.819539  0.326068 -0.229929 -1.085355 -0.409352 -0.865462   
43 -0.655983  1.162699  0.827240  0.460762 -0.811196  0.218253 -0.773916   
44 -0.611833  1.238957  1.127942  0.622999 -0.780218 -0.208519 -0.802909   
45 -0.662215  0.674649  0.676888  0.487391 -0.849540 -0.685499 -0.682527   
46 -0.441787  0.720403  0.556607  0.840620 -0.623830 -0.082998 -0.337198   
47 -0.025608  0.941551  1.178060  1.495856 -0.207344  0.770546  0.231216   
48 -0.012506  0.994932  1.829582  1.490247 -0.281982  1.021588  0.478058   

      399646    399365    399310    399396    399391    399385    399241  \
0   0.911138 -0.651825  1.304795  2.203697  1.116097 -0.108013 -1.627906   
1   0.589792 -0.724974  0.812387  1.880228  0.891106 -0.581612 -1.566899   
2  -1.559646 -1.090718 -1.914468 -0.099995 -0.597332 -2.497032 -1.521143   
3  -1.621992 -1.110668 -1.691364  0.232852 -0.355317 -2.658519 -1.585201   
4  -0.824957 -1.050819 -1.223968  0.416347  0.076493 -2.006743 -1.521143   
5  -0.361241 -1.050819 -0.841139  0.508745  0.200223 -1.629043 -1.411330   
6  -0.167435 -0.984320 -0.560219  0.362588  0.112709 -1.417062 -1.356423   
7   0.064606 -0.944420 -0.427753  0.332343  0.114515 -1.013729 -1.356423   
8   0.213908 -0.857972 -0.028798  0.575951  0.415148 -0.673251 -1.234409   
9   0.356799 -0.771523  0.107005  0.596249  0.453838 -0.626874 -1.091041   
10  0.427370 -0.871272  0.121812  0.582927  0.478718 -0.553138 -0.950725   
11  0.288807 -0.931121 -0.143599  0.599434  0.493786 -0.490363 -0.865314   
12  0.660189 -0.897871 -0.012593  0.899037  0.797078 -0.102601 -0.758551   
13  0.886969 -0.857972  0.012601  0.963911  0.814373 -0.142793 -0.746350   
14  0.990335 -0.864622  0.172234  0.945687  0.872394  0.163444 -0.758551   
15  1.080639 -0.798123  0.761756  0.993567  1.103382  0.415106 -0.721947   
16  1.444026 -0.798123  1.006952  1.128767  1.290787  0.468443 -0.602983   
17  1.535137 -0.764873  0.672533  0.931393  1.168667  0.489930 -0.560278   
18  1.140134 -0.818073  0.248813  0.528413  1.041780  0.361986 -0.535875   
19  1.131337 -0.631876  0.241518  0.547230  1.130460  0.614111 -0.487069   
20  1.156429 -0.432379  0.459608  0.702296  1.044726  0.682355 -0.426061   
21  0.400795 -0.538777 -0.174039  0.351874  0.604572  0.159017 -0.310148   
22  0.656227 -0.512177 -0.031539  0.364562  0.857139  0.256298 -0.163730   
23  1.156270 -0.445679  0.565138  0.639415  1.109774  0.723960 -0.133226   
24  1.037521 -0.485578  0.732153  0.560153  0.964885  0.801076 -0.032564   
25  1.520985 -0.419079  1.653244  0.994420  1.288201  1.623827  0.138256   
26  1.533233 -0.332630  1.845427  1.010633  1.212069  1.978953  0.309077   
27  0.978298 -0.113184  0.779496  0.368871  0.626200  1.553111  0.440243   
28  0.566767  0.425457  0.811808  0.356369  0.652856  1.174632  0.641567   
29  0.964643  1.050547  1.290684  0.441598  0.772071  1.622504  0.761751   
30  0.279741  1.183545  0.538812  0.189671  0.306843  0.828153  0.830079   
31 -0.399674  0.884300 -0.244318 -0.390744 -0.219865  0.248425  0.864549   
32 -0.490137  0.472007 -0.547014 -0.522344 -0.479884  0.126485  0.855092   
33 -1.267624  0.285810 -1.341388 -0.887939 -1.010911 -0.520728  0.844111   
34 -1.018571  0.591705 -1.243421 -1.118004 -1.125269 -0.168210  0.921590   
35 -1.680125  0.711403 -2.346048 -1.962196 -1.867324 -0.881246  0.905423   
36 -1.258679  0.605005 -1.757180 -1.758140 -1.597733 -0.671897  0.940503   
37 -1.585078  0.245910 -2.089601 -2.069457 -1.941276 -1.069451  0.979852   
38 -1.571146  0.312409 -1.382674 -1.677710 -1.783223 -0.773824  1.014322   
39 -0.825824  0.385558 -0.599049 -1.155212 -1.127987 -0.212207  1.004560   
40 -0.841205  0.538506 -0.472465 -0.977792 -1.073421 -0.056361  1.043605   
41 -0.694603  0.817801  0.131205 -0.802476 -0.971916  0.103103  1.112848   
42 -1.213167  0.857700 -0.202620 -1.059791 -1.344928 -0.138538  1.127795   
43 -1.025124  1.156946  0.377333 -1.020525 -1.176191  0.443514  1.159824   
44 -0.980523  1.203495  0.500840 -1.133403 -1.127878  0.613455  1.245234   
45 -1.022607  1.369742  0.393092 -1.246070 -1.210836  0.388721  1.258046   
46 -0.822887  1.941633  0.803188 -1.248819 -1.145746  0.696587  1.254080   
47 -0.420133  2.566723  1.503290 -0.972682 -0.877941  1.186433  1.280008   
48 -0.319719  3.145264  1.427535 -1.105931 -0.975911  1.269604  1.392872   

      399932    399481    399298    399301    399302    399299    399431  \
0   1.349033  1.163196  2.652775  0.729900  0.113097 -1.354528  1.016053   
1   0.976018  0.802954  2.446317  0.404029 -0.366222 -1.128367  0.617715   
2  -0.808296 -0.741240 -0.196346 -1.171104 -2.410760 -1.875125 -1.761635   
3  -0.764445 -0.634574 -0.939595 -0.983067 -2.505827 -2.207966 -2.064820   
4  -0.219196  0.019075 -0.278929 -0.294664 -1.851845 -1.949801 -1.188778   
5  -0.101989  0.131611 -0.278929 -0.081560 -1.503744 -1.979671 -0.774390   
6  -0.123936  0.207432  0.133987 -0.040264 -1.308332 -1.858056 -0.506312   
7  -0.060112  0.245143  0.753361  0.047562 -0.929276 -1.412135 -0.249833   
8   0.374338  0.566387  1.661776  0.364887 -0.535173 -1.258516 -0.111042   
9   0.463813  0.668164  1.455318  0.423456 -0.445459 -0.991817  0.029531   
10  0.529371  0.617648  1.455318  0.417986 -0.434399 -0.426414  0.129853   
11  0.516385  0.477052  1.331444  0.435221 -0.386332 -0.375208  0.102899   
12  0.758523  0.647630  1.414027  0.635980 -0.072444 -0.134112  0.461018   
13  0.783150  0.779995  1.455318  0.676081 -0.112540  0.670254  0.760532   
14  0.889894  0.866832  1.042402  0.836310  0.253490  0.691590  0.870169   
15  1.188873  1.098923  0.753361  1.122444  0.624418  0.902815  0.966501   
16  1.327344  1.320970  0.712069  1.361188  0.688687  1.143912  1.377862   
17  1.125819  1.275299  0.546903  1.242634  0.586461  1.781857  1.536756   
18  0.834832  1.076748 -0.278929  1.144049  0.457198  1.809593  1.230910   
19  0.963666  1.244838 -0.113763  1.225462  0.652528  1.421279  1.422488   
20  1.002238  1.113937  0.133987  1.162413  0.744923  0.847342  1.289063   
21  0.436624  0.553848 -0.361512  0.528339  0.155841 -0.003962  0.373949   
22  0.657405  0.710833 -0.072471  0.735025  0.253362  0.230733  0.659058   
23  0.965891  1.009287  0.505611  1.117225  0.691285  0.785468  1.244479   
24  0.938595  0.823562  0.299153  1.017530  0.788550  0.465428  1.080529   
25  1.464134  1.244133  0.835944  1.548636  1.725930  0.505967  1.607259   
26  1.471973  1.271898  0.546903  1.573859  2.087152  0.380085  1.537098   
27  0.835160  0.678392 -0.031179  0.925152  1.566356 -0.095707  0.951878   
28  0.808139  0.637002 -0.155054  0.820309  1.230667 -0.125577  0.658863   
29  0.966714  0.782037  0.092695  0.997348  1.682287  0.038710  1.143652   
30  0.443347  0.238889 -0.237637  0.377550  0.867201 -0.240791  0.478842   
31 -0.134474 -0.214470 -0.774428 -0.217706  0.225245 -0.317601 -0.151858   
32 -0.347490 -0.354411 -0.444095 -0.440058  0.029361 -0.306933 -0.206375   
33 -0.938213 -0.866732 -0.857011 -1.040977 -0.663966 -0.484021 -0.915157   
34 -0.995400 -0.850997 -0.733137 -1.017561 -0.344901  0.057912 -0.702769   
35 -1.733684 -1.445715 -1.104761 -1.756466 -1.198821  0.433425 -1.290101   
36 -1.476545 -1.256144 -0.980886 -1.479741 -0.897126  0.702258 -0.913979   
37 -1.922219 -1.726184 -1.311219 -1.921158 -1.336554  0.352348 -1.349627   
38 -1.745104 -1.681053 -1.104761 -1.774878 -0.931552  0.085649 -1.388562   
39 -1.129632 -1.060006 -0.774428 -1.050182 -0.309886  0.386485 -0.697866   
40 -1.106535 -1.041472 -0.980886 -1.006844 -0.196701  0.177393 -0.732505   
41 -1.009269 -0.979276 -0.815720 -0.867105 -0.064419  0.427024 -0.640699   
42 -1.423810 -1.484603 -1.104761 -1.320655 -0.380759  0.369417 -1.218414   
43 -1.187290 -1.322419 -1.063469 -1.082619  0.238663 -0.021031 -1.030914   
44 -1.102202 -1.321893 -1.104761 -0.999839  0.398241 -0.238658 -1.050704   
45 -1.165858 -1.446264 -1.146053 -1.088790  0.229141  0.025908 -1.044385   
46 -1.038019 -1.391903 -1.104761 -0.936346  0.553179  0.853743 -0.840930   
47 -0.734357 -1.169742 -0.939595 -0.618048  1.108676  1.754120 -0.407462   
48 -0.803204 -1.284617 -0.939595 -0.680944  1.235099  1.485287 -0.307839   

      399669    399903    399348    399914    399356    399653    399918  
0   1.720705  1.490003  0.703622  1.389580  1.445375  1.126037  1.676615  
1   1.381162  1.162227  0.212190  0.976392  1.095385  0.786036  1.325269  
2  -0.538674 -0.586023 -1.881075 -1.034024 -0.865335 -1.233888 -0.592804  
3  -0.387848 -0.314837 -1.829534 -1.039786 -0.587233 -1.380536 -0.299938  
4  -0.037470  0.095131 -1.046098 -0.426382 -0.118545 -1.016778  0.079114  
5   0.097666  0.290705 -0.784834 -0.249786  0.070990 -0.930658  0.253466  
6   0.020845  0.233008 -0.586304 -0.245411  0.032466 -1.028264  0.201393  
7   0.065507  0.230272 -0.350482 -0.081015  0.073846 -0.733963  0.199162  
8   0.341152  0.559982  0.076227  0.349368  0.412736 -0.171397  0.528669  
9   0.308437  0.629475  0.147065  0.427204  0.488125 -0.219523  0.561881  
10  0.360008  0.696037  0.112611  0.596906  0.527338  0.315648  0.625783  
11  0.407893  0.648430  0.128047  0.557949  0.497150  0.579762  0.571747  
12  0.811984  0.878292  0.414099  0.781438  0.805040  0.855029  0.853609  
13  0.854123  0.886465  0.485708  0.788060  0.830764  0.725100  0.868145  
14  0.907860  0.885276  0.784019  0.863334  0.868871  0.828308  0.878264  
15  1.076154  1.105269  1.119501  1.091790  1.143900  0.780873  1.116535  
16  1.360612  1.248507  1.272121  1.257286  1.346869  0.777629  1.248537  
17  1.038226  1.014053  1.168190  1.003496  1.074707  0.358040  0.960113  
18  0.754177  0.662469  1.011530  0.638014  0.728082  0.276932  0.545937  
19  0.924724  0.684323  1.233626  0.836639  0.829794  0.693791  0.616202  
20  0.972248  0.777703  1.198631  0.934764  0.923065  0.768125  0.789632  
21  0.438690  0.352651  0.451107  0.389095  0.375557  0.557551  0.320286  
22  0.646444  0.542366  0.631741  0.586776  0.635774  0.920524  0.534639  
23  0.939987  0.893833  1.012805  0.960678  1.017320  1.336245  0.904877  
24  1.010819  0.892795  0.997304  1.000825  1.008257  1.680917  0.937673  
25  1.461998  1.326941  1.731096  1.537006  1.491076  2.107564  1.387981  
26  1.335196  1.293927  1.936971  1.559930  1.412603  1.763587  1.327187  
27  0.605274  0.626328  1.243938  0.853076  0.680086  1.121561  0.573253  
28  0.659969  0.664336  1.042391  0.817133  0.732751  1.073497  0.675076  
29  0.717447  0.790507  1.357979  1.087743  0.868033  1.262415  0.782550  
30  0.355731  0.333775  0.562194  0.564502  0.346071  0.815108  0.336778  
31 -0.207312 -0.307714 -0.081892 -0.032177 -0.280613  0.180453 -0.290729  
32 -0.400865 -0.537590 -0.275109 -0.224284 -0.521387  0.175559 -0.501352  
33 -0.819287 -1.081817 -0.973905 -0.916155 -1.082954 -0.349201 -1.005200  
34 -1.023443 -1.177120 -0.768700 -1.087738 -1.159988 -0.751092 -1.141355  
35 -1.768118 -2.043045 -1.555416 -1.988936 -1.976317 -1.658731 -2.022045  
36 -1.538089 -1.757302 -1.263522 -1.632119 -1.688134 -1.361850 -1.737916  
37 -1.884766 -2.114248 -1.786126 -2.039981 -2.043885 -1.762397 -2.119601  
38 -1.636987 -1.769861 -1.538466 -1.798588 -1.724986 -1.653722 -1.751416  
39 -1.099232 -1.121254 -0.830258 -1.066169 -1.072032 -0.888781 -1.121265  
40 -1.037210 -1.083722 -0.763784 -0.997343 -1.070551 -0.749891 -1.102864  
41 -0.905032 -0.923915 -0.700388 -0.793486 -0.906311 -0.494984 -0.912930  
42 -1.217853 -1.267743 -1.123388 -1.240833 -1.238907 -0.888350 -1.218395  
43 -1.160415 -1.075737 -0.694453 -1.061453 -1.032337 -0.977944 -1.047313  
44 -1.183379 -1.061667 -0.557769 -0.961520 -1.020640 -0.836710 -1.046993  
45 -1.289642 -1.156820 -0.745661 -1.063526 -1.089887 -0.892696 -1.139643  
46 -1.285797 -1.037401 -0.553589 -0.874139 -0.968209 -0.768690 -1.060338  
47 -1.031657 -0.698536 -0.162146 -0.491970 -0.616367 -0.518601 -0.736795  
48 -1.121964 -0.778732 -0.181812 -0.502164 -0.697412 -0.597645 -0.831479  
